ERROR:root:Proxy error: Status=404, Message=404 Client Error: Not Found for url: https://sheets.googleapis.com/v4/spreadsheets/1w_nu8tAJ6Gqts7gHyeL79e6LYPfQaVfUkMkY2MbeOdI/values/vocabs!D34?valueInputOption=RAW&key=atob("QUl6YVN5QkE3S0M2VXZ3enY1SHBObklHQWV0YjdYUndwa1paTURN"), Response=<!DOCTYPE html>
<html lang=en>
  <meta charset=utf-8>
  <meta name=viewport content="initial-scale=1, minimum-scale=1, width=device-width">
  <title>Error 404 (Not Found)!!1</title>
  <style>
    *{margin:0;padding:0}html,code{font:15px/22px arial,sans-serif}html{background:#fff;color:#222;padding:15px}body{margin:7% auto 0;max-width:390px;min-height:180px;padding:30px 0 15px}* > body{background:url(//www.google.com/images/errors/robot.png) 100% 5px no-repeat;padding-right:205px}p{margin:11px 0 22px;overflow:hidden}ins{color:#777;text-decoration:none}a img{border:0}@media screen and (max-width:772px){body{background:none;margin-top:0;max-width:none;padding-right:0}}#logo{background:url(//www.google.com/images/branding/googlelogo/1x/googlelogo_color_150x54dp.png) no-repeat;margin-left:-5px}@media only screen and (min-resolution:192dpi){#logo{background:url(//www.google.com/images/branding/googlelogo/2x/googlelogo_color_150x54dp.png) no-repeat 0% 0%/100% 100%;-moz-border-image:url(//www.google.com/images/branding/googlelogo/2x/googlelogo_color_150x54dp.png) 0}}@media only screen and (-webkit-min-device-pixel-ratio:2){#logo{background:url(//www.google.com/images/branding/googlelogo/2x/googlelogo_color_150x54dp.png) no-repeat;-webkit-background-size:100% 100%}}#logo{display:inline-block;height:54px;width:150px}
  </style>
  <a href=//www.google.com/><span id=logo aria-label=Google></span></a>
  <p><b>404.</b> <ins>That’s an error.</ins>
  <p>The requested URL <code>/v4/spreadsheets/1w_nu8tAJ6Gqts7gHyeL79e6LYPfQaVfUkMkY2MbeOdI/values/vocabs!D34?valueInputOption=RAW&amp;key=atob("QUl6YVN5QkE3S0M2VXZ3enY1SHBObklHQWV0YjdYUndwa1paTURN")</code> was not found on this server.  <ins>That’s all we know.</ins>

ERROR:root:Proxy HTTP error: Status=404, Message=404 Client Error: Not Found for url: https://sheets.googleapis.com/v4/spreadsheets/1w_nu8tAJ6Gqts7gHyeL79e6LYPfQaVfUkMkY2MbeOdI/values/vocabs!D212?valueInputOption=RAW&key=atob("QUl6YVN5QkE3S0M2VXZ3enY1SHBObklHQWV0YjdYUndwa1paTURN"), Response=<!DOCTYPE html>
<html lang=en>
  <meta charset=utf-8>
  <meta name=viewport content="initial-scale=1, minimum-scale=1, width=device-width">
  <title>Error 404 (Not Found)!!1</title>
  <style>
    *{margin:0;padding:0}html,code{font:15px/22px arial,sans-serif}html{background:#fff;color:#222;padding:15px}body{margin:7% auto 0;max-width:390px;min-height:180px;padding:30px 0 15px}* > body{background:url(//www.google.com/images/errors/robot.png) 100% 5px no-repeat;padding-right:205px}p{margin:11px 0 22px;overflow:hidden}ins{color:#777;text-decoration:none}a img{border:0}@media screen and (max-width:772px){body{background:none;margin-top:0;max-width:none;padding-right:0}}#logo{background:url(//www.google.com/images/branding/googlelogo/1x/googlelogo_color_150x54dp.png) no-repeat;margin-left:-5px}@media only screen and (min-resolution:192dpi){#logo{background:url(//www.google.com/images/branding/googlelogo/2x/googlelogo_color_150x54dp.png) no-repeat 0% 0%/100% 100%;-moz-border-image:url(//www.google.com/images/branding/googlelogo/2x/googlelogo_color_150x54dp.png) 0}}@media only screen and (-webkit-min-device-pixel-ratio:2){#logo{background:url(//www.google.com/images/branding/googlelogo/2x/googlelogo_color_150x54dp.png) no-repeat;-webkit-background-size:100% 100%}}#logo{display:inline-block;height:54px;width:150px}
  </style>
  <a href=//www.google.com/><span id=logo aria-label=Google></span></a>
  <p><b>404.</b> <ins>That’s an error.</ins>
  <p>The requested URL <code>/v4/spreadsheets/1w_nu8tAJ6Gqts7gHyeL79e6LYPfQaVfUkMkY2MbeOdI/values/vocabs!D212?valueInputOption=RAW&amp;key=atob("QUl6YVN5QkE3S0M2VXZ3enY1SHBObklHQWV0YjdYUndwa1paTURN")</code> was not found on this server.  <ins>That’s all we know.</ins>

ERROR:root:Proxy HTTP error: Status=404, Message=404 Client Error: Not Found for url: https://sheets.googleapis.com/v4/spreadsheets/1w_nu8tAJ6Gqts7gHyeL79e6LYPfQaVfUkMkY2MbeOdI/values/vocabs!D206?valueInputOption=RAW&key=atob("QUl6YVN5QkE3S0M2VXZ3enY1SHBObklHQWV0YjdYUndwa1paTURN"), Response=<!DOCTYPE html>
<html lang=en>
  <meta charset=utf-8>
  <meta name=viewport content="initial-scale=1, minimum-scale=1, width=device-width">
  <title>Error 404 (Not Found)!!1</title>
  <style>
    *{margin:0;padding:0}html,code{font:15px/22px arial,sans-serif}html{background:#fff;color:#222;padding:15px}body{margin:7% auto 0;max-width:390px;min-height:180px;padding:30px 0 15px}* > body{background:url(//www.google.com/images/errors/robot.png) 100% 5px no-repeat;padding-right:205px}p{margin:11px 0 22px;overflow:hidden}ins{color:#777;text-decoration:none}a img{border:0}@media screen and (max-width:772px){body{background:none;margin-top:0;max-width:none;padding-right:0}}#logo{background:url(//www.google.com/images/branding/googlelogo/1x/googlelogo_color_150x54dp.png) no-repeat;margin-left:-5px}@media only screen and (min-resolution:192dpi){#logo{background:url(//www.google.com/images/branding/googlelogo/2x/googlelogo_color_150x54dp.png) no-repeat 0% 0%/100% 100%;-moz-border-image:url(//www.google.com/images/branding/googlelogo/2x/googlelogo_color_150x54dp.png) 0}}@media only screen and (-webkit-min-device-pixel-ratio:2){#logo{background:url(//www.google.com/images/branding/googlelogo/2x/googlelogo_color_150x54dp.png) no-repeat;-webkit-background-size:100% 100%}}#logo{display:inline-block;height:54px;width:150px}
  </style>
  <a href=//www.google.com/><span id=logo aria-label=Google></span></a>
  <p><b>404.</b> <ins>That’s an error.</ins>
  <p>The requested URL <code>/v4/spreadsheets/1w_nu8tAJ6Gqts7gHyeL79e6LYPfQaVfUkMkY2MbeOdI/values/vocabs!D206?valueInputOption=RAW&amp;key=atob("QUl6YVN5QkE3S0M2VXZ3enY1SHBObklHQWV0YjdYUndwa1paTURN")</code> was not found on this server.  <ins>That’s all we know.</ins>

ERROR:root:Proxy HTTP error: Status=404, Message=404 Client Error: Not Found for url: https://sheets.googleapis.com/v4/spreadsheets/1w_nu8tAJ6Gqts7gHyeL79e6LYPfQaVfUkMkY2MbeOdI/values/vocabs!D149?valueInputOption=RAW&key=atob("QUl6YVN5QkE3S0M2VXZ3enY1SHBObklHQWV0YjdYUndwa1paTURN"), Response=<!DOCTYPE html>
<html lang=en>
  <meta charset=utf-8>
  <meta name=viewport content="initial-scale=1, minimum-scale=1, width=device-width">
  <title>Error 404 (Not Found)!!1</title>
  <style>
    *{margin:0;padding:0}html,code{font:15px/22px arial,sans-serif}html{background:#fff;color:#222;padding:15px}body{margin:7% auto 0;max-width:390px;min-height:180px;padding:30px 0 15px}* > body{background:url(//www.google.com/images/errors/robot.png) 100% 5px no-repeat;padding-right:205px}p{margin:11px 0 22px;overflow:hidden}ins{color:#777;text-decoration:none}a img{border:0}@media screen and (max-width:772px){body{background:none;margin-top:0;max-width:none;padding-right:0}}#logo{background:url(//www.google.com/images/branding/googlelogo/1x/googlelogo_color_150x54dp.png) no-repeat;margin-left:-5px}@media only screen and (min-resolution:192dpi){#logo{background:url(//www.google.com/images/branding/googlelogo/2x/googlelogo_color_150x54dp.png) no-repeat 0% 0%/100% 100%;-moz-border-image:url(//www.google.com/images/branding/googlelogo/2x/googlelogo_color_150x54dp.png) 0}}@media only screen and (-webkit-min-device-pixel-ratio:2){#logo{background:url(//www.google.com/images/branding/googlelogo/2x/googlelogo_color_150x54dp.png) no-repeat;-webkit-background-size:100% 100%}}#logo{display:inline-block;height:54px;width:150px}
  </style>
  <a href=//www.google.com/><span id=logo aria-label=Google></span></a>
  <p><b>404.</b> <ins>That’s an error.</ins>
  <p>The requested URL <code>/v4/spreadsheets/1w_nu8tAJ6Gqts7gHyeL79e6LYPfQaVfUkMkY2MbeOdI/values/vocabs!D149?valueInputOption=RAW&amp;key=atob("QUl6YVN5QkE3S0M2VXZ3enY1SHBObklHQWV0YjdYUndwa1paTURN")</code> was not found on this server.  <ins>That’s all we know.</ins>

ERROR:root:Proxy HTTP error: Status=404, Message=404 Client Error: Not Found for url: https://sheets.googleapis.com/v4/spreadsheets/1w_nu8tAJ6Gqts7gHyeL79e6LYPfQaVfUkMkY2MbeOdI/values/vocabs!D187?valueInputOption=USER_ENTERED&key=atob("QUl6YVN5QkE3S0M2VXZ3enY1SHBObklHQWV0YjdYUndwa1paTURN"), Response=<!DOCTYPE html>
<html lang=en>
  <meta charset=utf-8>
  <meta name=viewport content="initial-scale=1, minimum-scale=1, width=device-width">
  <title>Error 404 (Not Found)!!1</title>
  <style>
    *{margin:0;padding:0}html,code{font:15px/22px arial,sans-serif}html{background:#fff;color:#222;padding:15px}body{margin:7% auto 0;max-width:390px;min-height:180px;padding:30px 0 15px}* > body{background:url(//www.google.com/images/errors/robot.png) 100% 5px no-repeat;padding-right:205px}p{margin:11px 0 22px;overflow:hidden}ins{color:#777;text-decoration:none}a img{border:0}@media screen and (max-width:772px){body{background:none;margin-top:0;max-width:none;padding-right:0}}#logo{background:url(//www.google.com/images/branding/googlelogo/1x/googlelogo_color_150x54dp.png) no-repeat;margin-left:-5px}@media only screen and (min-resolution:192dpi){#logo{background:url(//www.google.com/images/branding/googlelogo/2x/googlelogo_color_150x54dp.png) no-repeat 0% 0%/100% 100%;-moz-border-image:url(//www.google.com/images/branding/googlelogo/2x/googlelogo_color_150x54dp.png) 0}}@media only screen and (-webkit-min-device-pixel-ratio:2){#logo{background:url(//www.google.com/images/branding/googlelogo/2x/googlelogo_color_150x54dp.png) no-repeat;-webkit-background-size:100% 100%}}#logo{display:inline-block;height:54px;width:150px}
  </style>
  <a href=//www.google.com/><span id=logo aria-label=Google></span></a>
  <p><b>404.</b> <ins>That’s an error.</ins>
  <p>The requested URL <code>/v4/spreadsheets/1w_nu8tAJ6Gqts7gHyeL79e6LYPfQaVfUkMkY2MbeOdI/values/vocabs!D187?valueInputOption=USER_ENTERED&amp;key=atob("QUl6YVN5QkE3S0M2VXZ3enY1SHBObklHQWV0YjdYUndwa1paTURN")</code> was not found on this server.  <ins>That’s all we know.</ins>

ERROR:root:Proxy HTTP error: Status=404, Message=404 Client Error: Not Found for url: https://sheets.googleapis.com/v4/spreadsheets/1w_nu8tAJ6Gqts7gHyeL79e6LYPfQaVfUkMkY2MbeOdI/values/vocabs!D64?valueInputOption=USER_ENTERED&key=atob("QUl6YVN5QkE3S0M2VXZ3enY1SHBObklHQWV0YjdYUndwa1paTURN"), Response=<!DOCTYPE html>
<html lang=en>
  <meta charset=utf-8>
  <meta name=viewport content="initial-scale=1, minimum-scale=1, width=device-width">
  <title>Error 404 (Not Found)!!1</title>
  <style>
    *{margin:0;padding:0}html,code{font:15px/22px arial,sans-serif}html{background:#fff;color:#222;padding:15px}body{margin:7% auto 0;max-width:390px;min-height:180px;padding:30px 0 15px}* > body{background:url(//www.google.com/images/errors/robot.png) 100% 5px no-repeat;padding-right:205px}p{margin:11px 0 22px;overflow:hidden}ins{color:#777;text-decoration:none}a img{border:0}@media screen and (max-width:772px){body{background:none;margin-top:0;max-width:none;padding-right:0}}#logo{background:url(//www.google.com/images/branding/googlelogo/1x/googlelogo_color_150x54dp.png) no-repeat;margin-left:-5px}@media only screen and (min-resolution:192dpi){#logo{background:url(//www.google.com/images/branding/googlelogo/2x/googlelogo_color_150x54dp.png) no-repeat 0% 0%/100% 100%;-moz-border-image:url(//www.google.com/images/branding/googlelogo/2x/googlelogo_color_150x54dp.png) 0}}@media only screen and (-webkit-min-device-pixel-ratio:2){#logo{background:url(//www.google.com/images/branding/googlelogo/2x/googlelogo_color_150x54dp.png) no-repeat;-webkit-background-size:100% 100%}}#logo{display:inline-block;height:54px;width:150px}
  </style>
  <a href=//www.google.com/><span id=logo aria-label=Google></span></a>
  <p><b>404.</b> <ins>That’s an error.</ins>
  <p>The requested URL <code>/v4/spreadsheets/1w_nu8tAJ6Gqts7gHyeL79e6LYPfQaVfUkMkY2MbeOdI/values/vocabs!D64?valueInputOption=USER_ENTERED&amp;key=atob("QUl6YVN5QkE3S0M2VXZ3enY1SHBObklHQWV0YjdYUndwa1paTURN")</code> was not found on this server.  <ins>That’s all we know.</ins>

ERROR:root:Proxy HTTP error: Status=404, Message=404 Client Error: Not Found for url: https://sheets.googleapis.com/v4/spreadsheets/1w_nu8tAJ6Gqts7gHyeL79e6LYPfQaVfUkMkY2MbeOdI/values/vocabs!D15?valueInputOption=USER_ENTERED&key=atob("QUl6YVN5QkE3S0M2VXZ3enY1SHBObklHQWV0YjdYUndwa1paTURN"), Response=<!DOCTYPE html>
<html lang=en>
  <meta charset=utf-8>
  <meta name=viewport content="initial-scale=1, minimum-scale=1, width=device-width">
  <title>Error 404 (Not Found)!!1</title>
  <style>
    *{margin:0;padding:0}html,code{font:15px/22px arial,sans-serif}html{background:#fff;color:#222;padding:15px}body{margin:7% auto 0;max-width:390px;min-height:180px;padding:30px 0 15px}* > body{background:url(//www.google.com/images/errors/robot.png) 100% 5px no-repeat;padding-right:205px}p{margin:11px 0 22px;overflow:hidden}ins{color:#777;text-decoration:none}a img{border:0}@media screen and (max-width:772px){body{background:none;margin-top:0;max-width:none;padding-right:0}}#logo{background:url(//www.google.com/images/branding/googlelogo/1x/googlelogo_color_150x54dp.png) no-repeat;margin-left:-5px}@media only screen and (min-resolution:192dpi){#logo{background:url(//www.google.com/images/branding/googlelogo/2x/googlelogo_color_150x54dp.png) no-repeat 0% 0%/100% 100%;-moz-border-image:url(//www.google.com/images/branding/googlelogo/2x/googlelogo_color_150x54dp.png) 0}}@media only screen and (-webkit-min-device-pixel-ratio:2){#logo{background:url(//www.google.com/images/branding/googlelogo/2x/googlelogo_color_150x54dp.png) no-repeat;-webkit-background-size:100% 100%}}#logo{display:inline-block;height:54px;width:150px}
  </style>
  <a href=//www.google.com/><span id=logo aria-label=Google></span></a>
  <p><b>404.</b> <ins>That’s an error.</ins>
  <p>The requested URL <code>/v4/spreadsheets/1w_nu8tAJ6Gqts7gHyeL79e6LYPfQaVfUkMkY2MbeOdI/values/vocabs!D15?valueInputOption=USER_ENTERED&amp;key=atob("QUl6YVN5QkE3S0M2VXZ3enY1SHBObklHQWV0YjdYUndwa1paTURN")</code> was not found on this server.  <ins>That’s all we know.</ins>

ERROR:root:Proxy HTTP error: Status=404, Message=404 Client Error: Not Found for url: https://sheets.googleapis.com/v4/spreadsheets/1w_nu8tAJ6Gqts7gHyeL79e6LYPfQaVfUkMkY2MbeOdI/values/vocabs!D215:update?valueInputOption=USER_ENTERED&key=atob("QUl6YVN5QkE3S0M2VXZ3enY1SHBObklHQWV0YjdYUndwa1paTURN"), Response=<!DOCTYPE html>
<html lang=en>
  <meta charset=utf-8>
  <meta name=viewport content="initial-scale=1, minimum-scale=1, width=device-width">
  <title>Error 404 (Not Found)!!1</title>
  <style>
    *{margin:0;padding:0}html,code{font:15px/22px arial,sans-serif}html{background:#fff;color:#222;padding:15px}body{margin:7% auto 0;max-width:390px;min-height:180px;padding:30px 0 15px}* > body{background:url(//www.google.com/images/errors/robot.png) 100% 5px no-repeat;padding-right:205px}p{margin:11px 0 22px;overflow:hidden}ins{color:#777;text-decoration:none}a img{border:0}@media screen and (max-width:772px){body{background:none;margin-top:0;max-width:none;padding-right:0}}#logo{background:url(//www.google.com/images/branding/googlelogo/1x/googlelogo_color_150x54dp.png) no-repeat;margin-left:-5px}@media only screen and (min-resolution:192dpi){#logo{background:url(//www.google.com/images/branding/googlelogo/2x/googlelogo_color_150x54dp.png) no-repeat 0% 0%/100% 100%;-moz-border-image:url(//www.google.com/images/branding/googlelogo/2x/googlelogo_color_150x54dp.png) 0}}@media only screen and (-webkit-min-device-pixel-ratio:2){#logo{background:url(//www.google.com/images/branding/googlelogo/2x/googlelogo_color_150x54dp.png) no-repeat;-webkit-background-size:100% 100%}}#logo{display:inline-block;height:54px;width:150px}
  </style>
  <a href=//www.google.com/><span id=logo aria-label=Google></span></a>
  <p><b>404.</b> <ins>That’s an error.</ins>
  <p>The requested URL <code>/v4/spreadsheets/1w_nu8tAJ6Gqts7gHyeL79e6LYPfQaVfUkMkY2MbeOdI/values/vocabs!D215:update?valueInputOption=USER_ENTERED&amp;key=atob("QUl6YVN5QkE3S0M2VXZ3enY1SHBObklHQWV0YjdYUndwa1paTURN")</code> was not found on this server.  <ins>That’s all we know.</ins>

ERROR:root:Proxy HTTP error: Status=404, Message=404 Client Error: Not Found for url: https://sheets.googleapis.com/v4/spreadsheets/1w_nu8tAJ6Gqts7gHyeL79e6LYPfQaVfUkMkY2MbeOdI/values/vocabs!D186:update?valueInputOption=USER_ENTERED&key=atob("QUl6YVN5QkE3S0M2VXZ3enY1SHBObklHQWV0YjdYUndwa1paTURN"), Response=<!DOCTYPE html>
<html lang=en>
  <meta charset=utf-8>
  <meta name=viewport content="initial-scale=1, minimum-scale=1, width=device-width">
  <title>Error 404 (Not Found)!!1</title>
  <style>
    *{margin:0;padding:0}html,code{font:15px/22px arial,sans-serif}html{background:#fff;color:#222;padding:15px}body{margin:7% auto 0;max-width:390px;min-height:180px;padding:30px 0 15px}* > body{background:url(//www.google.com/images/errors/robot.png) 100% 5px no-repeat;padding-right:205px}p{margin:11px 0 22px;overflow:hidden}ins{color:#777;text-decoration:none}a img{border:0}@media screen and (max-width:772px){body{background:none;margin-top:0;max-width:none;padding-right:0}}#logo{background:url(//www.google.com/images/branding/googlelogo/1x/googlelogo_color_150x54dp.png) no-repeat;margin-left:-5px}@media only screen and (min-resolution:192dpi){#logo{background:url(//www.google.com/images/branding/googlelogo/2x/googlelogo_color_150x54dp.png) no-repeat 0% 0%/100% 100%;-moz-border-image:url(//www.google.com/images/branding/googlelogo/2x/googlelogo_color_150x54dp.png) 0}}@media only screen and (-webkit-min-device-pixel-ratio:2){#logo{background:url(//www.google.com/images/branding/googlelogo/2x/googlelogo_color_150x54dp.png) no-repeat;-webkit-background-size:100% 100%}}#logo{display:inline-block;height:54px;width:150px}
  </style>
  <a href=//www.google.com/><span id=logo aria-label=Google></span></a>
  <p><b>404.</b> <ins>That’s an error.</ins>
  <p>The requested URL <code>/v4/spreadsheets/1w_nu8tAJ6Gqts7gHyeL79e6LYPfQaVfUkMkY2MbeOdI/values/vocabs!D186:update?valueInputOption=USER_ENTERED&amp;key=atob("QUl6YVN5QkE3S0M2VXZ3enY1SHBObklHQWV0YjdYUndwa1paTURN")</code> was not found on this server.  <ins>That’s all we know.</ins>

ERROR:root:Proxy HTTP error: Status=401, Message=401 Client Error: Unauthorized for url: https://sheets.googleapis.com/v4/spreadsheets/1w_nu8tAJ6Gqts7gHyeL79e6LYPfQaVfUkMkY2MbeOdI/values/vocabs!D157:update?valueInputOption=USER_ENTERED&key=atob("QUl6YVN5QkE3S0M2VXZ3enY1SHBObklHQWV0YjdYUndwa1paTURN"), Response={
  "error": {
    "code": 401,
    "message": "API keys are not supported by this API. Expected OAuth2 access token or other authentication credentials that assert a principal. See https://cloud.google.com/docs/authentication",
    "status": "UNAUTHENTICATED",
    "details": [
      {
        "@type": "type.googleapis.com/google.rpc.ErrorInfo",
        "reason": "CREDENTIALS_MISSING",
        "domain": "googleapis.com",
        "metadata": {
          "service": "sheets.googleapis.com",
          "method": "google.apps.sheets.v4.SpreadsheetsService.UpdateValues"
        }
      }
    ]
  }
}

INFO:root:Progress saved: Joko
INFO:root:Progress loaded: Joko
INFO:root:Progress saved: Joko
INFO:root:Progress loaded: Joko
INFO:root:Progress loaded: Joko
INFO:root:Progress saved: Joko
INFO:root:Progress loaded: Joko
INFO:root:Progress saved: Joko
INFO:root:Progress loaded: Joko
INFO:root:Progress loaded: Joko
INFO:root:Progress saved: Joko
INFO:root:Progress loaded: Joko
INFO:root:Progress loaded: Joko
INFO:root:Progress loaded: Joko
INFO:root:Progress loaded: Joko
INFO:root:Progress saved: Joko
INFO:root:Progress saved: Joko
WARNING:root:Save file not found: Jenn
WARNING:root:Save file not found: Jenne
INFO:root:Progress loaded: Joko
INFO:root:Progress loaded: Joko
INFO:root:Progress saved: Joko
INFO:root:Progress loaded: Joko
INFO:root:Progress saved: Jen
INFO:root:Progress loaded: Jen
INFO:root:Progress loaded: Jen
INFO:root:Progress loaded: Jen
INFO:root:Progress loaded: Jen
INFO:root:Progress loaded: Jen
INFO:root:Progress saved: Jen
INFO:root:Progress loaded: Joko
INFO:root:Progress loaded: Joko
ERROR:root:OSError: write error
INFO:root:Progress saved: Joko
INFO:root:Progress loaded: Joko
INFO:root:Progress loaded: Joko
INFO:root:Progress loaded: Joko
INFO:root:Progress loaded: Joko
INFO:root:Progress loaded: Joko
INFO:root:Progress saved: Joko
INFO:root:Progress saved: Joko
INFO:root:Progress saved: Joko
INFO:root:Progress saved: Joko
INFO:root:Progress saved: Joko
INFO:root:Progress saved: Joko
INFO:root:Progress saved: Joko
ERROR:root:OSError: write error
